<?xml version="1.0" encoding="UTF-8"?>
<!-- Generated by org.testng.reporters.JUnitReportReporter -->
<testsuite hostname="DESKTOP-BE5FK59" failures="0" tests="1" name="sample.DemoTest" time="0.011" errors="0" timestamp="2022-09-30T16:37:23 IST" skipped="0">
  <testcase classname="sample.DemoTest" name="add" time="0.011"/>
  <system-out/>
</testsuite> <!-- sample.DemoTest -->
